<?xml version="1.0" encoding="UTF-8"?>
<!-- Generated by org.testng.reporters.JUnitXMLReporter -->
<testsuite ignored="4" hostname="DESKTOP-JCJ8HOK" failures="1" tests="2" name="Delete PortifolioTest" time="36.49" errors="0" timestamp="02 Dec 2021 13:41:45 GMT">
  <testcase classname="bases.BaseTest" name="@BeforeMethod beforeMethod" time="0.0">
    <skipped/>
  </testcase> <!-- @BeforeMethod beforeMethod -->
  <testcase classname="testcases.Session" name="doLogin" time="36.107">
    <failure type="java.lang.AssertionError" message="The following asserts failed:
	Title is not matching,
	Test is incorrect,
	Element is not present : submit_id">
      <![CDATA[java.lang.AssertionError: The following asserts failed:
Title is not matching,
Test is incorrect,
Element is not present : submit_id
at keywords.GenericKeywords.assertAll(GenericKeywords.java:167)
at keywords.GenericKeywords.reportFailure(GenericKeywords.java:160)
at keywords.GenericKeywords.getElement(GenericKeywords.java:91)
at keywords.GenericKeywords.click(GenericKeywords.java:68)
at testcases.Session.doLogin(Session.java:23)
... Removed 26 stack frames]]>
    </failure>
  </testcase> <!-- doLogin -->
  <testcase classname="testcases.PortifolioManagement" name="deleteportifolio" time="0.0">
    <skipped/>
  </testcase> <!-- deleteportifolio -->
  <testcase classname="testcases.Session" name="doLogout" time="0.0">
    <ignored/>
  </testcase> <!-- doLogout -->
  <testcase classname="bases.BaseTest" name="@AfterTest quit" time="0.0">
    <ignored/>
  </testcase> <!-- @AfterTest quit -->
  <testcase classname="bases.BaseTest" name="@BeforeTest beforeTest" time="0.0">
    <ignored/>
  </testcase> <!-- @BeforeTest beforeTest -->
  <testcase classname="testcases.PortifolioManagement" name="createportifolio" time="0.0">
    <ignored/>
  </testcase> <!-- createportifolio -->
</testsuite> <!-- Delete PortifolioTest -->
