<?xml version="1.0" encoding="UTF-8"?>
<testng-results ignored="0" total="4" passed="3" failed="1" skipped="0">
  <reporter-output>
    <line>
      <![CDATA[Clicked on Image Link]]>
    </line>
  </reporter-output>
  <suite started-at="2021-10-13T18:56:22 IST" name="AutomationSuite" finished-at="2021-10-13T18:58:19 IST" duration-ms="117577">
    <groups>
    </groups>
    <test started-at="2021-10-13T18:56:22 IST" name="AutomationTest" finished-at="2021-10-13T18:58:19 IST" duration-ms="117577">
      <class name="com.project.LinksTesting1">
        <test-method is-config="true" signature="setup()[pri:0, instance:com.project.LinksTesting1@58695725]" started-at="2021-10-13T18:57:43 IST" name="setup" finished-at="2021-10-13T18:57:49 IST" duration-ms="5745" status="PASS">
          <reporter-output>
          </reporter-output>
        </test-method> <!-- setup -->
        <test-method signature="linktesting1()[pri:0, instance:com.project.LinksTesting1@58695725]" started-at="2021-10-13T18:57:49 IST" name="linktesting1" finished-at="2021-10-13T18:57:51 IST" duration-ms="2594" status="FAIL">
          <exception class="java.lang.AssertionError">
            <message>
              <![CDATA[expected [???? ?????] but found [Google Images]]]>
            </message>
            <full-stacktrace>
              <![CDATA[java.lang.AssertionError: expected [???? ?????] but found [Google Images]
at org.testng.Assert.fail(Assert.java:99)
at org.testng.Assert.failNotEquals(Assert.java:1037)
at org.testng.Assert.assertEqualsImpl(Assert.java:140)
at org.testng.Assert.assertEquals(Assert.java:122)
at org.testng.Assert.assertEquals(Assert.java:629)
at org.testng.Assert.assertEquals(Assert.java:639)
at com.project.LinksTesting1.linktesting1(LinksTesting1.java:44)
at java.base/jdk.internal.reflect.NativeMethodAccessorImpl.invoke0(Native Method)
at java.base/jdk.internal.reflect.NativeMethodAccessorImpl.invoke(NativeMethodAccessorImpl.java:64)
at java.base/jdk.internal.reflect.DelegatingMethodAccessorImpl.invoke(DelegatingMethodAccessorImpl.java:43)
at java.base/java.lang.reflect.Method.invoke(Method.java:564)
at org.testng.internal.MethodInvocationHelper.invokeMethod(MethodInvocationHelper.java:133)
at org.testng.internal.TestInvoker.invokeMethod(TestInvoker.java:598)
at org.testng.internal.TestInvoker.invokeTestMethod(TestInvoker.java:173)
at org.testng.internal.MethodRunner.runInSequence(MethodRunner.java:46)
at org.testng.internal.TestInvoker$MethodInvocationAgent.invoke(TestInvoker.java:824)
at org.testng.internal.TestInvoker.invokeTestMethods(TestInvoker.java:146)
at org.testng.internal.TestMethodWorker.invokeTestMethods(TestMethodWorker.java:146)
at org.testng.internal.TestMethodWorker.run(TestMethodWorker.java:128)
at java.base/java.util.ArrayList.forEach(ArrayList.java:1511)
at org.testng.TestRunner.privateRun(TestRunner.java:794)
at org.testng.TestRunner.run(TestRunner.java:596)
at org.testng.SuiteRunner.runTest(SuiteRunner.java:377)
at org.testng.SuiteRunner.runSequentially(SuiteRunner.java:371)
at org.testng.SuiteRunner.privateRun(SuiteRunner.java:332)
at org.testng.SuiteRunner.run(SuiteRunner.java:276)
at org.testng.SuiteRunnerWorker.runSuite(SuiteRunnerWorker.java:53)
at org.testng.SuiteRunnerWorker.run(SuiteRunnerWorker.java:96)
at org.testng.TestNG.runSuitesSequentially(TestNG.java:1212)
at org.testng.TestNG.runSuitesLocally(TestNG.java:1134)
at org.testng.TestNG.runSuites(TestNG.java:1063)
at org.testng.TestNG.run(TestNG.java:1031)
at org.testng.remote.AbstractRemoteTestNG.run(AbstractRemoteTestNG.java:115)
at org.testng.remote.RemoteTestNG.initAndRun(RemoteTestNG.java:251)
at org.testng.remote.RemoteTestNG.main(RemoteTestNG.java:77)
]]>
            </full-stacktrace>
          </exception> <!-- java.lang.AssertionError -->
          <reporter-output>
            <line>
              <![CDATA[Clicked on Image Link]]>
            </line>
          </reporter-output>
        </test-method> <!-- linktesting1 -->
        <test-method is-config="true" signature="tearDown()[pri:0, instance:com.project.LinksTesting1@58695725]" started-at="2021-10-13T18:57:51 IST" name="tearDown" finished-at="2021-10-13T18:57:53 IST" duration-ms="1525" status="PASS">
          <reporter-output>
          </reporter-output>
        </test-method> <!-- tearDown -->
      </class> <!-- com.project.LinksTesting1 -->
      <class name="com.project.CheckBox1">
        <test-method is-config="true" signature="beforeMethod()[pri:0, instance:com.project.CheckBox1@f5acb9d]" started-at="2021-10-13T18:58:07 IST" name="beforeMethod" finished-at="2021-10-13T18:58:16 IST" duration-ms="9955" status="PASS">
          <reporter-output>
          </reporter-output>
        </test-method> <!-- beforeMethod -->
        <test-method signature="checkboxTest()[pri:0, instance:com.project.CheckBox1@f5acb9d]" started-at="2021-10-13T18:58:16 IST" name="checkboxTest" finished-at="2021-10-13T18:58:17 IST" duration-ms="926" status="PASS">
          <reporter-output>
          </reporter-output>
        </test-method> <!-- checkboxTest -->
        <test-method is-config="true" signature="afterMethod()[pri:0, instance:com.project.CheckBox1@f5acb9d]" started-at="2021-10-13T18:58:17 IST" name="afterMethod" finished-at="2021-10-13T18:58:19 IST" duration-ms="1785" status="PASS">
          <reporter-output>
          </reporter-output>
        </test-method> <!-- afterMethod -->
      </class> <!-- com.project.CheckBox1 -->
      <class name="com.project.TNG_003">
        <test-method is-config="true" signature="beforeMethod()[pri:0, instance:com.project.TNG_003@73700b80]" started-at="2021-10-13T18:56:22 IST" name="beforeMethod" finished-at="2021-10-13T18:56:33 IST" duration-ms="11439" status="PASS">
          <reporter-output>
          </reporter-output>
        </test-method> <!-- beforeMethod -->
        <test-method signature="f()[pri:0, instance:com.project.TNG_003@73700b80]" started-at="2021-10-13T18:56:33 IST" name="f" finished-at="2021-10-13T18:57:40 IST" duration-ms="67192" status="PASS">
          <reporter-output>
          </reporter-output>
        </test-method> <!-- f -->
        <test-method is-config="true" signature="afterMethod()[pri:0, instance:com.project.TNG_003@73700b80]" started-at="2021-10-13T18:57:40 IST" name="afterMethod" finished-at="2021-10-13T18:57:43 IST" duration-ms="2393" status="PASS">
          <reporter-output>
          </reporter-output>
        </test-method> <!-- afterMethod -->
      </class> <!-- com.project.TNG_003 -->
      <class name="com.project.RadioButton1">
        <test-method is-config="true" signature="beforeMethod()[pri:0, instance:com.project.RadioButton1@543588e6]" started-at="2021-10-13T18:57:53 IST" name="beforeMethod" finished-at="2021-10-13T18:58:04 IST" duration-ms="11238" status="PASS">
          <reporter-output>
          </reporter-output>
        </test-method> <!-- beforeMethod -->
        <test-method signature="radioButtonTest()[pri:0, instance:com.project.RadioButton1@543588e6]" started-at="2021-10-13T18:58:04 IST" name="radioButtonTest" finished-at="2021-10-13T18:58:05 IST" duration-ms="1021" status="PASS">
          <reporter-output>
          </reporter-output>
        </test-method> <!-- radioButtonTest -->
        <test-method is-config="true" signature="afterMethod()[pri:0, instance:com.project.RadioButton1@543588e6]" started-at="2021-10-13T18:58:05 IST" name="afterMethod" finished-at="2021-10-13T18:58:07 IST" duration-ms="1638" status="PASS">
          <reporter-output>
          </reporter-output>
        </test-method> <!-- afterMethod -->
      </class> <!-- com.project.RadioButton1 -->
    </test> <!-- AutomationTest -->
  </suite> <!-- AutomationSuite -->
</testng-results>
