<?xml version="1.0" encoding="UTF-8"?>
<!-- Generated by org.testng.reporters.JUnitXMLReporter -->
<testsuite ignored="0" hostname="DESKTOP-JCJ8HOK" failures="1" tests="4" name="AutomationTest" time="117.577" errors="0" timestamp="2021-10-13T18:58:19 IST">
  <testcase classname="com.project.TNG_003" name="f" time="67.192"/>
  <testcase classname="com.project.LinksTesting1" name="linktesting1" time="2.594">
    <failure type="java.lang.AssertionError" message="expected [???? ?????] but found [Google Images]">
      <![CDATA[java.lang.AssertionError: expected [???? ?????] but found [Google Images]
at com.project.LinksTesting1.linktesting1(LinksTesting1.java:44)
at java.base/java.util.ArrayList.forEach(ArrayList.java:1511)
... Removed 33 stack frames]]>
    </failure>
  </testcase> <!-- linktesting1 -->
  <testcase classname="com.project.RadioButton1" name="radioButtonTest" time="1.021"/>
  <testcase classname="com.project.CheckBox1" name="checkboxTest" time="0.926"/>
</testsuite> <!-- AutomationTest -->
