<?xml version="1.0" encoding="UTF-8"?>
<!-- Generated by org.testng.reporters.JUnitXMLReporter -->
<testsuite ignored="0" hostname="DESKTOP-JCJ8HOK" failures="0" tests="4" name="ChromeTest" time="143.634" errors="0" timestamp="2021-10-18T18:47:56 IST">
  <testcase classname="com.project.CheckBox1" name="@BeforeMethod beforeMethod" time="12.387">
    <failure type="org.openqa.selenium.InvalidArgumentException" message="invalid argument: user data directory is already in use, please specify a unique value for --user-data-dir argument, or don&amp;apos;t use --user-data-dir
Build info: version: &amp;apos;3.141.59&amp;apos;, revision: &amp;apos;e82be7d358&amp;apos;, time: &amp;apos;2018-11-14T08:17:03&amp;apos;
System info: host: &amp;apos;DESKTOP-JCJ8HOK&amp;apos;, ip: &amp;apos;192.168.0.187&amp;apos;, os.name: &amp;apos;Windows 10&amp;apos;, os.arch: &amp;apos;amd64&amp;apos;, os.version: &amp;apos;10.0&amp;apos;, java.version: &amp;apos;15.0.1&amp;apos;
Driver info: driver.version: ChromeDriver
remote stacktrace: Backtrace:
	Ordinal0 [0x009FBDE3+2473443]
	Ordinal0 [0x00996661+2057825]
	Ordinal0 [0x008A2438+1057848]
	Ordinal0 [0x008BD1D3+1167827]
	Ordinal0 [0x008B9CAF+1154223]
	Ordinal0 [0x008E9ADF+1350367]
	Ordinal0 [0x008E974A+1349450]
	Ordinal0 [0x008E55AB+1332651]
	Ordinal0 [0x008C2104+1188100]
	Ordinal0 [0x008C2F59+1191769]
	GetHandleVerifier [0x00B82266+1549718]
	GetHandleVerifier [0x00C2D4A7+2250711]
	GetHandleVerifier [0x00A8718B+521403]
	GetHandleVerifier [0x00A86229+517465]
	Ordinal0 [0x0099B79D+2078621]
	Ordinal0 [0x0099FB58+2095960]
	Ordinal0 [0x0099FC92+2096274]
	Ordinal0 [0x009A9541+2135361]
	BaseThreadInitThunk [0x75D3FA29+25]
	RtlGetAppContainerNamedObjectPath [0x772B7A9E+286]
	RtlGetAppContainerNamedObjectPath [0x772B7A6E+238]
">
      <![CDATA[org.openqa.selenium.InvalidArgumentException: invalid argument: user data directory is already in use, please specify a unique value for --user-data-dir argument, or don't use --user-data-dir
Build info: version: '3.141.59', revision: 'e82be7d358', time: '2018-11-14T08:17:03'
System info: host: 'DESKTOP-JCJ8HOK', ip: '192.168.0.187', os.name: 'Windows 10', os.arch: 'amd64', os.version: '10.0', java.version: '15.0.1'
Driver info: driver.version: ChromeDriver
remote stacktrace: Backtrace:
Ordinal0 [0x009FBDE3+2473443]
Ordinal0 [0x00996661+2057825]
Ordinal0 [0x008A2438+1057848]
Ordinal0 [0x008BD1D3+1167827]
Ordinal0 [0x008B9CAF+1154223]
Ordinal0 [0x008E9ADF+1350367]
Ordinal0 [0x008E974A+1349450]
Ordinal0 [0x008E55AB+1332651]
Ordinal0 [0x008C2104+1188100]
Ordinal0 [0x008C2F59+1191769]
GetHandleVerifier [0x00B82266+1549718]
GetHandleVerifier [0x00C2D4A7+2250711]
GetHandleVerifier [0x00A8718B+521403]
GetHandleVerifier [0x00A86229+517465]
Ordinal0 [0x0099B79D+2078621]
Ordinal0 [0x0099FB58+2095960]
Ordinal0 [0x0099FC92+2096274]
Ordinal0 [0x009A9541+2135361]
BaseThreadInitThunk [0x75D3FA29+25]
RtlGetAppContainerNamedObjectPath [0x772B7A9E+286]
RtlGetAppContainerNamedObjectPath [0x772B7A6E+238]

at org.openqa.selenium.remote.W3CHandshakeResponse.lambda$errorHandler$0(W3CHandshakeResponse.java:62)
at org.openqa.selenium.remote.HandshakeResponse.lambda$getResponseFunction$0(HandshakeResponse.java:30)
at org.openqa.selenium.remote.ProtocolHandshake.lambda$createSession$0(ProtocolHandshake.java:126)
at java.base/java.util.stream.ReferencePipeline$3$1.accept(ReferencePipeline.java:195)
at java.base/java.util.Spliterators$ArraySpliterator.tryAdvance(Spliterators.java:958)
at java.base/java.util.stream.ReferencePipeline.forEachWithCancel(ReferencePipeline.java:127)
at java.base/java.util.stream.AbstractPipeline.copyIntoWithCancel(AbstractPipeline.java:502)
at java.base/java.util.stream.AbstractPipeline.copyInto(AbstractPipeline.java:488)
at java.base/java.util.stream.AbstractPipeline.wrapAndCopyInto(AbstractPipeline.java:474)
at java.base/java.util.stream.FindOps$FindOp.evaluateSequential(FindOps.java:150)
at java.base/java.util.stream.AbstractPipeline.evaluate(AbstractPipeline.java:234)
at java.base/java.util.stream.ReferencePipeline.findFirst(ReferencePipeline.java:543)
at org.openqa.selenium.remote.ProtocolHandshake.createSession(ProtocolHandshake.java:128)
at org.openqa.selenium.remote.ProtocolHandshake.createSession(ProtocolHandshake.java:74)
at org.openqa.selenium.remote.HttpCommandExecutor.execute(HttpCommandExecutor.java:136)
at org.openqa.selenium.remote.service.DriverCommandExecutor.execute(DriverCommandExecutor.java:83)
at org.openqa.selenium.remote.RemoteWebDriver.execute(RemoteWebDriver.java:552)
at org.openqa.selenium.remote.RemoteWebDriver.startSession(RemoteWebDriver.java:213)
at org.openqa.selenium.remote.RemoteWebDriver.<init>(RemoteWebDriver.java:131)
at org.openqa.selenium.chrome.ChromeDriver.<init>(ChromeDriver.java:181)
at org.openqa.selenium.chrome.ChromeDriver.<init>(ChromeDriver.java:168)
at org.openqa.selenium.chrome.ChromeDriver.<init>(ChromeDriver.java:157)
at com.project.BaseTest.launch(BaseTest.java:87)
at com.project.CheckBox1.beforeMethod(CheckBox1.java:26)
at java.base/java.util.ArrayList.forEach(ArrayList.java:1511)
at java.base/java.util.concurrent.FutureTask.run(FutureTask.java:264)
at java.base/java.util.concurrent.ThreadPoolExecutor.runWorker(ThreadPoolExecutor.java:1130)
at java.base/java.util.concurrent.ThreadPoolExecutor$Worker.run(ThreadPoolExecutor.java:630)
at java.base/java.lang.Thread.run(Thread.java:832)
... Removed 27 stack frames]]>
    </failure>
  </testcase> <!-- @BeforeMethod beforeMethod -->
  <testcase classname="com.project.CheckBox1" name="@AfterMethod afterMethod" time="-1.634563076928E9">
    <skipped/>
  </testcase> <!-- @AfterMethod afterMethod -->
  <testcase classname="com.project.TNG_003" name="f" time="69.153"/>
  <testcase classname="com.project.LinksTesting1" name="linktesting1" time="3.489"/>
  <testcase classname="com.project.RadioButton1" name="radioButtonTest" time="4.99"/>
  <testcase classname="com.project.CheckBox1" name="checkboxTest" time="0.0">
    <skipped/>
  </testcase> <!-- checkboxTest -->
</testsuite> <!-- ChromeTest -->
